<?xml version="1.0" encoding="UTF-8"?>
<!-- Generated by org.testng.reporters.JUnitXMLReporter -->
<testsuite ignored="0" hostname="LAPTOP-NH6RVP77" failures="0" tests="4" name="Default test" time="47.251" errors="0" timestamp="2021-05-17T16:21:10 IST">
  <testcase classname="TestCases.RunTestCases" name="openBrowserTab" time="5.899"/>
  <testcase classname="TestCases.RunTestCases" name="PrintHospitals" time="17.644"/>
  <testcase classname="TestCases.RunTestCases" name="PrintTopCities" time="6.109"/>
  <testcase classname="TestCases.RunTestCases" name="CaptureMessage" time="16.943"/>
</testsuite> <!-- Default test -->
