<?xml version="1.0" encoding="UTF-8"?>
<!-- Generated by org.testng.reporters.JUnitXMLReporter -->
<testsuite ignored="0" hostname="LAPTOP-90720NKP" failures="0" tests="3" name="Chrome" time="22.291" errors="0" timestamp="2021-04-12T09:06:56 IST">
  <testcase classname="TestCases.RunTestCases" name="PrintHospitals" time="14.712"/>
  <testcase classname="TestCases.RunTestCases" name="PrintTopCities" time="2.32"/>
  <testcase classname="TestCases.RunTestCases" name="CaptureMessage" time="5.217"/>
</testsuite> <!-- Chrome -->
