<?xml version="1.0" encoding="UTF-8"?>
<!-- Generated by org.testng.reporters.JUnitXMLReporter -->
<testsuite ignored="3" hostname="LAPTOP-NH6RVP77" failures="0" tests="0" time="0.022" errors="0" timestamp="2021-05-06T22:16:34 IST">
  <testcase classname="TestCases.RunTestCases" name="PrintTopCities" time="0.0">
    <ignored/>
  </testcase> <!-- PrintTopCities -->
  <testcase classname="TestCases.RunTestCases" name="CaptureMessage" time="0.0">
    <ignored/>
  </testcase> <!-- CaptureMessage -->
  <testcase classname="TestCases.RunTestCases" name="PrintHospitals" time="0.0">
    <ignored/>
  </testcase> <!-- PrintHospitals -->
</testsuite>
