<?xml version="1.0" encoding="UTF-8"?>
<!-- Generated by org.testng.reporters.JUnitXMLReporter -->
<testsuite ignored="0" hostname="LAPTOP-NH6RVP77" failures="0" tests="4" name="Test" time="36.498" errors="0" timestamp="2021-05-17T16:46:57 IST">
  <testcase classname="TestCases.RunTestCases" name="openBrowserTab" time="5.393"/>
  <testcase classname="TestCases.RunTestCases" name="PrintHospitals" time="16.595"/>
  <testcase classname="TestCases.RunTestCases" name="PrintTopCities" time="4.124"/>
  <testcase classname="TestCases.RunTestCases" name="CaptureMessage" time="10.007"/>
</testsuite> <!-- Test -->
