<?xml version="1.0" encoding="UTF-8"?>
<!-- Generated by org.testng.reporters.JUnitXMLReporter -->
<testsuite ignored="0" hostname="LAPTOP-NH6RVP77" failures="0" tests="3" name="Test" time="29.228" errors="0" timestamp="2021-05-14T09:40:01 IST">
  <testcase classname="TestCases.RunTestCases" name="PrintHospitals" time="14.599"/>
  <testcase classname="TestCases.RunTestCases" name="PrintTopCities" time="3.771"/>
  <testcase classname="TestCases.RunTestCases" name="CaptureMessage" time="10.483"/>
</testsuite> <!-- Test -->
