<?xml version="1.0" encoding="UTF-8"?>
<testng-results ignored="0" total="4" passed="4" failed="0" skipped="0">
  <reporter-output>
  </reporter-output>
  <suite started-at="2021-05-17T16:46:20 IST" name="Suite" finished-at="2021-05-17T16:46:57 IST" duration-ms="36498">
    <groups>
      <group name="regression">
        <method signature="RunTestCases.PrintHospitals()[pri:1, instance:TestCases.RunTestCases@65b3f4a4]" name="PrintHospitals" class="TestCases.RunTestCases"/>
        <method signature="RunTestCases.PrintTopCities()[pri:2, instance:TestCases.RunTestCases@65b3f4a4]" name="PrintTopCities" class="TestCases.RunTestCases"/>
        <method signature="RunTestCases.CaptureMessage()[pri:3, instance:TestCases.RunTestCases@65b3f4a4]" name="CaptureMessage" class="TestCases.RunTestCases"/>
        <method signature="RunTestCases.openBrowserTab()[pri:0, instance:TestCases.RunTestCases@65b3f4a4]" name="openBrowserTab" class="TestCases.RunTestCases"/>
      </group> <!-- regression -->
      <group name="smoke">
        <method signature="RunTestCases.PrintHospitals()[pri:1, instance:TestCases.RunTestCases@65b3f4a4]" name="PrintHospitals" class="TestCases.RunTestCases"/>
        <method signature="RunTestCases.openBrowserTab()[pri:0, instance:TestCases.RunTestCases@65b3f4a4]" name="openBrowserTab" class="TestCases.RunTestCases"/>
      </group> <!-- smoke -->
    </groups>
    <test started-at="2021-05-17T16:46:20 IST" name="Test" finished-at="2021-05-17T16:46:57 IST" duration-ms="36498">
      <class name="TestCases.RunTestCases">
        <test-method is-config="true" signature="setUp()[pri:0, instance:TestCases.RunTestCases@65b3f4a4]" started-at="2021-05-17T16:46:18 IST" name="setUp" finished-at="2021-05-17T16:46:20 IST" duration-ms="2564" status="PASS">
          <reporter-output>
          </reporter-output>
        </test-method> <!-- setUp -->
        <test-method signature="openBrowserTab()[pri:0, instance:TestCases.RunTestCases@65b3f4a4]" started-at="2021-05-17T16:46:21 IST" name="openBrowserTab" finished-at="2021-05-17T16:46:26 IST" duration-ms="5393" status="PASS">
          <reporter-output>
          </reporter-output>
        </test-method> <!-- openBrowserTab -->
        <test-method signature="PrintHospitals()[pri:1, instance:TestCases.RunTestCases@65b3f4a4]" started-at="2021-05-17T16:46:26 IST" name="PrintHospitals" finished-at="2021-05-17T16:46:43 IST" duration-ms="16595" status="PASS">
          <reporter-output>
          </reporter-output>
        </test-method> <!-- PrintHospitals -->
        <test-method signature="PrintTopCities()[pri:2, instance:TestCases.RunTestCases@65b3f4a4]" started-at="2021-05-17T16:46:43 IST" name="PrintTopCities" finished-at="2021-05-17T16:46:47 IST" depends-on-methods="TestCases.RunTestCases.PrintHospitals" duration-ms="4124" status="PASS">
          <reporter-output>
          </reporter-output>
        </test-method> <!-- PrintTopCities -->
        <test-method signature="CaptureMessage()[pri:3, instance:TestCases.RunTestCases@65b3f4a4]" started-at="2021-05-17T16:46:47 IST" name="CaptureMessage" finished-at="2021-05-17T16:46:57 IST" depends-on-methods="TestCases.RunTestCases.PrintTopCities" duration-ms="10007" status="PASS">
          <reporter-output>
          </reporter-output>
        </test-method> <!-- CaptureMessage -->
        <test-method is-config="true" signature="endReport()[pri:0, instance:TestCases.RunTestCases@65b3f4a4]" started-at="2021-05-17T16:46:57 IST" name="endReport" finished-at="2021-05-17T16:46:57 IST" duration-ms="273" status="PASS">
          <reporter-output>
          </reporter-output>
        </test-method> <!-- endReport -->
        <test-method is-config="true" signature="closeBrowserWindow()[pri:0, instance:TestCases.RunTestCases@65b3f4a4]" started-at="2021-05-17T16:46:57 IST" name="closeBrowserWindow" finished-at="2021-05-17T16:46:58 IST" duration-ms="992" status="PASS">
          <reporter-output>
          </reporter-output>
        </test-method> <!-- closeBrowserWindow -->
      </class> <!-- TestCases.RunTestCases -->
    </test> <!-- Test -->
  </suite> <!-- Suite -->
</testng-results>
